{"total": {"lines":{"total":2656,"covered":2447,"skipped":0,"pct":92.13},"statements":{"total":2973,"covered":2637,"skipped":0,"pct":88.69},"functions":{"total":814,"covered":744,"skipped":0,"pct":91.4},"branches":{"total":1434,"covered":1041,"skipped":0,"pct":72.59},"branchesTrue":{"total":0,"covered":0,"skipped":0,"pct":100}}
,"/home/runner/work/JigSwap/JigSwap/packages/backend/convex/schema.ts": {"lines":{"total":0,"covered":0,"skipped":0,"pct":0},"functions":{"total":0,"covered":0,"skipped":0,"pct":0},"statements":{"total":0,"covered":0,"skipped":0,"pct":0},"branches":{"total":0,"covered":0,"skipped":0,"pct":0}}
,"/home/runner/work/JigSwap/JigSwap/packages/backend/convex/_generated/api.js": {"lines":{"total":3,"covered":3,"skipped":0,"pct":100},"functions":{"total":0,"covered":0,"skipped":0,"pct":100},"statements":{"total":3,"covered":3,"skipped":0,"pct":100},"branches":{"total":0,"covered":0,"skipped":0,"pct":100}}
,"/home/runner/work/JigSwap/JigSwap/packages/backend/convex/_generated/server.js": {"lines":{"total":7,"covered":7,"skipped":0,"pct":100},"functions":{"total":0,"covered":0,"skipped":0,"pct":100},"statements":{"total":7,"covered":7,"skipped":0,"pct":100},"branches":{"total":0,"covered":0,"skipped":0,"pct":100}}
,"/home/runner/work/JigSwap/JigSwap/packages/backend/convex/catalog/approvePuzzleDefinition.ts": {"lines":{"total":4,"covered":4,"skipped":0,"pct":100},"functions":{"total":1,"covered":1,"skipped":0,"pct":100},"statements":{"total":5,"covered":4,"skipped":0,"pct":80},"branches":{"total":2,"covered":1,"skipped":0,"pct":50}}
,"/home/runner/work/JigSwap/JigSwap/packages/backend/convex/catalog/createCatalogCategory.ts": {"lines":{"total":8,"covered":8,"skipped":0,"pct":100},"functions":{"total":1,"covered":1,"skipped":0,"pct":100},"statements":{"total":10,"covered":9,"skipped":0,"pct":90},"branches":{"total":4,"covered":3,"skipped":0,"pct":75}}
,"/home/runner/work/JigSwap/JigSwap/packages/backend/convex/catalog/errors.ts": {"lines":{"total":2,"covered":2,"skipped":0,"pct":100},"functions":{"total":1,"covered":1,"skipped":0,"pct":100},"statements":{"total":2,"covered":2,"skipped":0,"pct":100},"branches":{"total":0,"covered":0,"skipped":0,"pct":100}}
,"/home/runner/work/JigSwap/JigSwap/packages/backend/convex/catalog/findPuzzleByBarcode.ts": {"lines":{"total":13,"covered":13,"skipped":0,"pct":100},"functions":{"total":4,"covered":4,"skipped":0,"pct":100},"statements":{"total":17,"covered":17,"skipped":0,"pct":100},"branches":{"total":14,"covered":9,"skipped":0,"pct":64.28}}
,"/home/runner/work/JigSwap/JigSwap/packages/backend/convex/catalog/getAllBrands.ts": {"lines":{"total":4,"covered":4,"skipped":0,"pct":100},"functions":{"total":3,"covered":3,"skipped":0,"pct":100},"statements":{"total":5,"covered":5,"skipped":0,"pct":100},"branches":{"total":0,"covered":0,"skipped":0,"pct":100}}
,"/home/runner/work/JigSwap/JigSwap/packages/backend/convex/catalog/getAllTags.ts": {"lines":{"total":8,"covered":8,"skipped":0,"pct":100},"functions":{"total":5,"covered":5,"skipped":0,"pct":100},"statements":{"total":9,"covered":9,"skipped":0,"pct":100},"branches":{"total":4,"covered":4,"skipped":0,"pct":100}}
,"/home/runner/work/JigSwap/JigSwap/packages/backend/convex/catalog/getPuzzleById.ts": {"lines":{"total":5,"covered":5,"skipped":0,"pct":100},"functions":{"total":1,"covered":1,"skipped":0,"pct":100},"statements":{"total":6,"covered":5,"skipped":0,"pct":83.33},"branches":{"total":4,"covered":2,"skipped":0,"pct":50}}
,"/home/runner/work/JigSwap/JigSwap/packages/backend/convex/catalog/getPuzzleCategories.ts": {"lines":{"total":4,"covered":4,"skipped":0,"pct":100},"functions":{"total":2,"covered":2,"skipped":0,"pct":100},"statements":{"total":4,"covered":4,"skipped":0,"pct":100},"branches":{"total":0,"covered":0,"skipped":0,"pct":100}}
,"/home/runner/work/JigSwap/JigSwap/packages/backend/convex/catalog/getPuzzleSuggestions.ts": {"lines":{"total":8,"covered":8,"skipped":0,"pct":100},"functions":{"total":3,"covered":3,"skipped":0,"pct":100},"statements":{"total":9,"covered":9,"skipped":0,"pct":100},"branches":{"total":6,"covered":5,"skipped":0,"pct":83.33}}
,"/home/runner/work/JigSwap/JigSwap/packages/backend/convex/catalog/getRecentPuzzles.ts": {"lines":{"total":6,"covered":6,"skipped":0,"pct":100},"functions":{"total":3,"covered":3,"skipped":0,"pct":100},"statements":{"total":6,"covered":6,"skipped":0,"pct":100},"branches":{"total":4,"covered":2,"skipped":0,"pct":50}}
,"/home/runner/work/JigSwap/JigSwap/packages/backend/convex/catalog/importCache.ts": {"lines":{"total":15,"covered":11,"skipped":0,"pct":73.33},"functions":{"total":6,"covered":4,"skipped":0,"pct":66.66},"statements":{"total":17,"covered":12,"skipped":0,"pct":70.58},"branches":{"total":4,"covered":2,"skipped":0,"pct":50}}
,"/home/runner/work/JigSwap/JigSwap/packages/backend/convex/catalog/listAllPuzzles.ts": {"lines":{"total":6,"covered":6,"skipped":0,"pct":100},"functions":{"total":3,"covered":3,"skipped":0,"pct":100},"statements":{"total":6,"covered":6,"skipped":0,"pct":100},"branches":{"total":2,"covered":1,"skipped":0,"pct":50}}
,"/home/runner/work/JigSwap/JigSwap/packages/backend/convex/catalog/listMyContributedPuzzles.ts": {"lines":{"total":7,"covered":7,"skipped":0,"pct":100},"functions":{"total":4,"covered":4,"skipped":0,"pct":100},"statements":{"total":8,"covered":8,"skipped":0,"pct":100},"branches":{"total":2,"covered":1,"skipped":0,"pct":50}}
,"/home/runner/work/JigSwap/JigSwap/packages/backend/convex/catalog/mappers.ts": {"lines":{"total":6,"covered":6,"skipped":0,"pct":100},"functions":{"total":3,"covered":3,"skipped":0,"pct":100},"statements":{"total":6,"covered":6,"skipped":0,"pct":100},"branches":{"total":0,"covered":0,"skipped":0,"pct":100}}
,"/home/runner/work/JigSwap/JigSwap/packages/backend/convex/catalog/rejectPuzzleDefinition.ts": {"lines":{"total":4,"covered":4,"skipped":0,"pct":100},"functions":{"total":1,"covered":1,"skipped":0,"pct":100},"statements":{"total":5,"covered":4,"skipped":0,"pct":80},"branches":{"total":2,"covered":1,"skipped":0,"pct":50}}
,"/home/runner/work/JigSwap/JigSwap/packages/backend/convex/catalog/reorderCatalogCategories.ts": {"lines":{"total":7,"covered":7,"skipped":0,"pct":100},"functions":{"total":2,"covered":2,"skipped":0,"pct":100},"statements":{"total":9,"covered":7,"skipped":0,"pct":77.77},"branches":{"total":4,"covered":2,"skipped":0,"pct":50}}
,"/home/runner/work/JigSwap/JigSwap/packages/backend/convex/catalog/runDefinitionAction.ts": {"lines":{"total":4,"covered":4,"skipped":0,"pct":100},"functions":{"total":1,"covered":1,"skipped":0,"pct":100},"statements":{"total":5,"covered":5,"skipped":0,"pct":100},"branches":{"total":2,"covered":2,"skipped":0,"pct":100}}
,"/home/runner/work/JigSwap/JigSwap/packages/backend/convex/catalog/setCatalogCategoryActive.ts": {"lines":{"total":6,"covered":6,"skipped":0,"pct":100},"functions":{"total":1,"covered":1,"skipped":0,"pct":100},"statements":{"total":8,"covered":6,"skipped":0,"pct":75},"branches":{"total":4,"covered":2,"skipped":0,"pct":50}}
,"/home/runner/work/JigSwap/JigSwap/packages/backend/convex/catalog/submitPuzzleDefinition.ts": {"lines":{"total":7,"covered":7,"skipped":0,"pct":100},"functions":{"total":1,"covered":1,"skipped":0,"pct":100},"statements":{"total":8,"covered":8,"skipped":0,"pct":100},"branches":{"total":4,"covered":4,"skipped":0,"pct":100}}
,"/home/runner/work/JigSwap/JigSwap/packages/backend/convex/catalog/updatePuzzleDefinition.ts": {"lines":{"total":13,"covered":12,"skipped":0,"pct":92.3},"functions":{"total":1,"covered":1,"skipped":0,"pct":100},"statements":{"total":16,"covered":13,"skipped":0,"pct":81.25},"branches":{"total":15,"covered":9,"skipped":0,"pct":60}}
,"/home/runner/work/JigSwap/JigSwap/packages/backend/convex/catalog/adapters/catalogIdGenerator.ts": {"lines":{"total":3,"covered":3,"skipped":0,"pct":100},"functions":{"total":2,"covered":2,"skipped":0,"pct":100},"statements":{"total":3,"covered":3,"skipped":0,"pct":100},"branches":{"total":0,"covered":0,"skipped":0,"pct":100}}
,"/home/runner/work/JigSwap/JigSwap/packages/backend/convex/catalog/adapters/convexCatalogCategoryRepository.ts": {"lines":{"total":20,"covered":15,"skipped":0,"pct":75},"functions":{"total":11,"covered":7,"skipped":0,"pct":63.63},"statements":{"total":21,"covered":16,"skipped":0,"pct":76.19},"branches":{"total":4,"covered":3,"skipped":0,"pct":75}}
,"/home/runner/work/JigSwap/JigSwap/packages/backend/convex/catalog/adapters/convexPuzzleDefinitionRepository.ts": {"lines":{"total":28,"covered":27,"skipped":0,"pct":96.42},"functions":{"total":12,"covered":12,"skipped":0,"pct":100},"statements":{"total":33,"covered":32,"skipped":0,"pct":96.96},"branches":{"total":16,"covered":13,"skipped":0,"pct":81.25}}
,"/home/runner/work/JigSwap/JigSwap/packages/backend/convex/catalog/adapters/eventPublisher.ts": {"lines":{"total":1,"covered":1,"skipped":0,"pct":100},"functions":{"total":1,"covered":1,"skipped":0,"pct":100},"statements":{"total":2,"covered":2,"skipped":0,"pct":100},"branches":{"total":0,"covered":0,"skipped":0,"pct":100}}
,"/home/runner/work/JigSwap/JigSwap/packages/backend/convex/catalog/adapters/htmlFallback.ts": {"lines":{"total":116,"covered":91,"skipped":0,"pct":78.44},"functions":{"total":15,"covered":10,"skipped":0,"pct":66.66},"statements":{"total":139,"covered":104,"skipped":0,"pct":74.82},"branches":{"total":113,"covered":79,"skipped":0,"pct":69.91}}
,"/home/runner/work/JigSwap/JigSwap/packages/backend/convex/catalog/adapters/mapper.ts": {"lines":{"total":5,"covered":5,"skipped":0,"pct":100},"functions":{"total":2,"covered":2,"skipped":0,"pct":100},"statements":{"total":5,"covered":5,"skipped":0,"pct":100},"branches":{"total":4,"covered":3,"skipped":0,"pct":75}}
,"/home/runner/work/JigSwap/JigSwap/packages/backend/convex/catalog/adapters/systemClock.ts": {"lines":{"total":2,"covered":2,"skipped":0,"pct":100},"functions":{"total":1,"covered":1,"skipped":0,"pct":100},"statements":{"total":2,"covered":2,"skipped":0,"pct":100},"branches":{"total":0,"covered":0,"skipped":0,"pct":100}}
,"/home/runner/work/JigSwap/JigSwap/packages/backend/convex/contact/submitContactMessage.ts": {"lines":{"total":16,"covered":16,"skipped":0,"pct":100},"functions":{"total":1,"covered":1,"skipped":0,"pct":100},"statements":{"total":16,"covered":16,"skipped":0,"pct":100},"branches":{"total":12,"covered":12,"skipped":0,"pct":100}}
,"/home/runner/work/JigSwap/JigSwap/packages/backend/convex/custody/getCopyCustodyTimeline.ts": {"lines":{"total":22,"covered":22,"skipped":0,"pct":100},"functions":{"total":4,"covered":4,"skipped":0,"pct":100},"statements":{"total":25,"covered":25,"skipped":0,"pct":100},"branches":{"total":10,"covered":10,"skipped":0,"pct":100}}
,"/home/runner/work/JigSwap/JigSwap/packages/backend/convex/custody/subscriber.ts": {"lines":{"total":6,"covered":6,"skipped":0,"pct":100},"functions":{"total":1,"covered":1,"skipped":0,"pct":100},"statements":{"total":8,"covered":7,"skipped":0,"pct":87.5},"branches":{"total":4,"covered":3,"skipped":0,"pct":75}}
,"/home/runner/work/JigSwap/JigSwap/packages/backend/convex/events/dispatch.ts": {"lines":{"total":9,"covered":9,"skipped":0,"pct":100},"functions":{"total":1,"covered":1,"skipped":0,"pct":100},"statements":{"total":11,"covered":9,"skipped":0,"pct":81.81},"branches":{"total":4,"covered":2,"skipped":0,"pct":50}}
,"/home/runner/work/JigSwap/JigSwap/packages/backend/convex/events/makeEventPublisher.ts": {"lines":{"total":4,"covered":4,"skipped":0,"pct":100},"functions":{"total":2,"covered":2,"skipped":0,"pct":100},"statements":{"total":5,"covered":5,"skipped":0,"pct":100},"branches":{"total":2,"covered":2,"skipped":0,"pct":100}}
,"/home/runner/work/JigSwap/JigSwap/packages/backend/convex/events/recordAndSchedule.ts": {"lines":{"total":10,"covered":10,"skipped":0,"pct":100},"functions":{"total":2,"covered":2,"skipped":0,"pct":100},"statements":{"total":11,"covered":11,"skipped":0,"pct":100},"branches":{"total":6,"covered":6,"skipped":0,"pct":100}}
,"/home/runner/work/JigSwap/JigSwap/packages/backend/convex/exchange/accept.ts": {"lines":{"total":2,"covered":2,"skipped":0,"pct":100},"functions":{"total":1,"covered":1,"skipped":0,"pct":100},"statements":{"total":2,"covered":2,"skipped":0,"pct":100},"branches":{"total":0,"covered":0,"skipped":0,"pct":100}}
,"/home/runner/work/JigSwap/JigSwap/packages/backend/convex/exchange/cancel.ts": {"lines":{"total":2,"covered":2,"skipped":0,"pct":100},"functions":{"total":1,"covered":1,"skipped":0,"pct":100},"statements":{"total":2,"covered":2,"skipped":0,"pct":100},"branches":{"total":0,"covered":0,"skipped":0,"pct":100}}
,"/home/runner/work/JigSwap/JigSwap/packages/backend/convex/exchange/confirmCompletion.ts": {"lines":{"total":2,"covered":2,"skipped":0,"pct":100},"functions":{"total":1,"covered":1,"skipped":0,"pct":100},"statements":{"total":2,"covered":2,"skipped":0,"pct":100},"branches":{"total":0,"covered":0,"skipped":0,"pct":100}}
,"/home/runner/work/JigSwap/JigSwap/packages/backend/convex/exchange/decline.ts": {"lines":{"total":2,"covered":2,"skipped":0,"pct":100},"functions":{"total":1,"covered":1,"skipped":0,"pct":100},"statements":{"total":2,"covered":2,"skipped":0,"pct":100},"branches":{"total":0,"covered":0,"skipped":0,"pct":100}}
,"/home/runner/work/JigSwap/JigSwap/packages/backend/convex/exchange/errors.ts": {"lines":{"total":2,"covered":2,"skipped":0,"pct":100},"functions":{"total":1,"covered":1,"skipped":0,"pct":100},"statements":{"total":2,"covered":2,"skipped":0,"pct":100},"branches":{"total":0,"covered":0,"skipped":0,"pct":100}}
,"/home/runner/work/JigSwap/JigSwap/packages/backend/convex/exchange/getExchangeById.ts": {"lines":{"total":8,"covered":8,"skipped":0,"pct":100},"functions":{"total":1,"covered":1,"skipped":0,"pct":100},"statements":{"total":9,"covered":9,"skipped":0,"pct":100},"branches":{"total":12,"covered":9,"skipped":0,"pct":75}}
,"/home/runner/work/JigSwap/JigSwap/packages/backend/convex/exchange/getExchangeMessages.ts": {"lines":{"total":12,"covered":11,"skipped":0,"pct":91.66},"functions":{"total":4,"covered":4,"skipped":0,"pct":100},"statements":{"total":14,"covered":12,"skipped":0,"pct":85.71},"branches":{"total":8,"covered":4,"skipped":0,"pct":50}}
,"/home/runner/work/JigSwap/JigSwap/packages/backend/convex/exchange/getExchangeStats.ts": {"lines":{"total":8,"covered":8,"skipped":0,"pct":100},"functions":{"total":6,"covered":6,"skipped":0,"pct":100},"statements":{"total":8,"covered":8,"skipped":0,"pct":100},"branches":{"total":0,"covered":0,"skipped":0,"pct":100}}
,"/home/runner/work/JigSwap/JigSwap/packages/backend/convex/exchange/getExchangesByOwner.ts": {"lines":{"total":11,"covered":11,"skipped":0,"pct":100},"functions":{"total":5,"covered":5,"skipped":0,"pct":100},"statements":{"total":14,"covered":13,"skipped":0,"pct":92.85},"branches":{"total":4,"covered":3,"skipped":0,"pct":75}}
,"/home/runner/work/JigSwap/JigSwap/packages/backend/convex/exchange/getExchangesByRequester.ts": {"lines":{"total":11,"covered":11,"skipped":0,"pct":100},"functions":{"total":5,"covered":5,"skipped":0,"pct":100},"statements":{"total":14,"covered":13,"skipped":0,"pct":92.85},"branches":{"total":4,"covered":3,"skipped":0,"pct":75}}
,"/home/runner/work/JigSwap/JigSwap/packages/backend/convex/exchange/getUserExchanges.ts": {"lines":{"total":22,"covered":21,"skipped":0,"pct":95.45},"functions":{"total":9,"covered":8,"skipped":0,"pct":88.88},"statements":{"total":26,"covered":23,"skipped":0,"pct":88.46},"branches":{"total":10,"covered":6,"skipped":0,"pct":60}}
,"/home/runner/work/JigSwap/JigSwap/packages/backend/convex/exchange/propose.ts": {"lines":{"total":20,"covered":19,"skipped":0,"pct":95},"functions":{"total":2,"covered":2,"skipped":0,"pct":100},"statements":{"total":23,"covered":20,"skipped":0,"pct":86.95},"branches":{"total":15,"covered":11,"skipped":0,"pct":73.33}}
,"/home/runner/work/JigSwap/JigSwap/packages/backend/convex/exchange/raiseDispute.ts": {"lines":{"total":2,"covered":2,"skipped":0,"pct":100},"functions":{"total":1,"covered":1,"skipped":0,"pct":100},"statements":{"total":2,"covered":2,"skipped":0,"pct":100},"branches":{"total":0,"covered":0,"skipped":0,"pct":100}}
,"/home/runner/work/JigSwap/JigSwap/packages/backend/convex/exchange/readViews.ts": {"lines":{"total":9,"covered":9,"skipped":0,"pct":100},"functions":{"total":4,"covered":4,"skipped":0,"pct":100},"statements":{"total":10,"covered":10,"skipped":0,"pct":100},"branches":{"total":16,"covered":13,"skipped":0,"pct":81.25}}
,"/home/runner/work/JigSwap/JigSwap/packages/backend/convex/exchange/runAction.ts": {"lines":{"total":5,"covered":5,"skipped":0,"pct":100},"functions":{"total":1,"covered":1,"skipped":0,"pct":100},"statements":{"total":6,"covered":6,"skipped":0,"pct":100},"branches":{"total":2,"covered":2,"skipped":0,"pct":100}}
,"/home/runner/work/JigSwap/JigSwap/packages/backend/convex/exchange/adapters/convexCopyPort.ts": {"lines":{"total":4,"covered":4,"skipped":0,"pct":100},"functions":{"total":2,"covered":2,"skipped":0,"pct":100},"statements":{"total":6,"covered":6,"skipped":0,"pct":100},"branches":{"total":2,"covered":2,"skipped":0,"pct":100}}
,"/home/runner/work/JigSwap/JigSwap/packages/backend/convex/exchange/adapters/convexExchangeRepository.ts": {"lines":{"total":14,"covered":14,"skipped":0,"pct":100},"functions":{"total":8,"covered":8,"skipped":0,"pct":100},"statements":{"total":15,"covered":15,"skipped":0,"pct":100},"branches":{"total":6,"covered":5,"skipped":0,"pct":83.33}}
,"/home/runner/work/JigSwap/JigSwap/packages/backend/convex/exchange/adapters/inProcessEventPublisher.ts": {"lines":{"total":9,"covered":9,"skipped":0,"pct":100},"functions":{"total":3,"covered":3,"skipped":0,"pct":100},"statements":{"total":10,"covered":9,"skipped":0,"pct":90},"branches":{"total":6,"covered":5,"skipped":0,"pct":83.33}}
,"/home/runner/work/JigSwap/JigSwap/packages/backend/convex/exchange/adapters/mapper.ts": {"lines":{"total":19,"covered":19,"skipped":0,"pct":100},"functions":{"total":3,"covered":3,"skipped":0,"pct":100},"statements":{"total":19,"covered":19,"skipped":0,"pct":100},"branches":{"total":19,"covered":16,"skipped":0,"pct":84.21}}
,"/home/runner/work/JigSwap/JigSwap/packages/backend/convex/exchange/adapters/systemClock.ts": {"lines":{"total":2,"covered":2,"skipped":0,"pct":100},"functions":{"total":1,"covered":1,"skipped":0,"pct":100},"statements":{"total":2,"covered":2,"skipped":0,"pct":100},"branches":{"total":0,"covered":0,"skipped":0,"pct":100}}
,"/home/runner/work/JigSwap/JigSwap/packages/backend/convex/exchange/adapters/uuidExchangeId.ts": {"lines":{"total":2,"covered":2,"skipped":0,"pct":100},"functions":{"total":1,"covered":1,"skipped":0,"pct":100},"statements":{"total":2,"covered":2,"skipped":0,"pct":100},"branches":{"total":0,"covered":0,"skipped":0,"pct":100}}
,"/home/runner/work/JigSwap/JigSwap/packages/backend/convex/identity/getCurrentUser.ts": {"lines":{"total":6,"covered":6,"skipped":0,"pct":100},"functions":{"total":2,"covered":2,"skipped":0,"pct":100},"statements":{"total":7,"covered":7,"skipped":0,"pct":100},"branches":{"total":4,"covered":3,"skipped":0,"pct":75}}
,"/home/runner/work/JigSwap/JigSwap/packages/backend/convex/identity/getUserByClerkId.ts": {"lines":{"total":5,"covered":5,"skipped":0,"pct":100},"functions":{"total":2,"covered":2,"skipped":0,"pct":100},"statements":{"total":5,"covered":5,"skipped":0,"pct":100},"branches":{"total":2,"covered":2,"skipped":0,"pct":100}}
,"/home/runner/work/JigSwap/JigSwap/packages/backend/convex/identity/getUserById.ts": {"lines":{"total":4,"covered":4,"skipped":0,"pct":100},"functions":{"total":1,"covered":1,"skipped":0,"pct":100},"statements":{"total":4,"covered":4,"skipped":0,"pct":100},"branches":{"total":2,"covered":1,"skipped":0,"pct":50}}
,"/home/runner/work/JigSwap/JigSwap/packages/backend/convex/identity/getUserStats.ts": {"lines":{"total":14,"covered":14,"skipped":0,"pct":100},"functions":{"total":8,"covered":8,"skipped":0,"pct":100},"statements":{"total":14,"covered":14,"skipped":0,"pct":100},"branches":{"total":2,"covered":1,"skipped":0,"pct":50}}
,"/home/runner/work/JigSwap/JigSwap/packages/backend/convex/identity/isAdmin.ts": {"lines":{"total":6,"covered":6,"skipped":0,"pct":100},"functions":{"total":1,"covered":1,"skipped":0,"pct":100},"statements":{"total":7,"covered":6,"skipped":0,"pct":85.71},"branches":{"total":4,"covered":3,"skipped":0,"pct":75}}
,"/home/runner/work/JigSwap/JigSwap/packages/backend/convex/identity/requireMember.ts": {"lines":{"total":7,"covered":7,"skipped":0,"pct":100},"functions":{"total":2,"covered":2,"skipped":0,"pct":100},"statements":{"total":9,"covered":8,"skipped":0,"pct":88.88},"branches":{"total":4,"covered":3,"skipped":0,"pct":75}}
,"/home/runner/work/JigSwap/JigSwap/packages/backend/convex/identity/searchUsers.ts": {"lines":{"total":7,"covered":7,"skipped":0,"pct":100},"functions":{"total":2,"covered":2,"skipped":0,"pct":100},"statements":{"total":7,"covered":7,"skipped":0,"pct":100},"branches":{"total":7,"covered":7,"skipped":0,"pct":100}}
,"/home/runner/work/JigSwap/JigSwap/packages/backend/convex/identity/toMemberView.ts": {"lines":{"total":2,"covered":2,"skipped":0,"pct":100},"functions":{"total":2,"covered":2,"skipped":0,"pct":100},"statements":{"total":4,"covered":4,"skipped":0,"pct":100},"branches":{"total":0,"covered":0,"skipped":0,"pct":100}}
,"/home/runner/work/JigSwap/JigSwap/packages/backend/convex/insights/exportUserData.ts": {"lines":{"total":23,"covered":23,"skipped":0,"pct":100},"functions":{"total":15,"covered":15,"skipped":0,"pct":100},"statements":{"total":24,"covered":24,"skipped":0,"pct":100},"branches":{"total":6,"covered":3,"skipped":0,"pct":50}}
,"/home/runner/work/JigSwap/JigSwap/packages/backend/convex/insights/getCollectionBreakdown.ts": {"lines":{"total":13,"covered":13,"skipped":0,"pct":100},"functions":{"total":6,"covered":6,"skipped":0,"pct":100},"statements":{"total":15,"covered":15,"skipped":0,"pct":100},"branches":{"total":4,"covered":4,"skipped":0,"pct":100}}
,"/home/runner/work/JigSwap/JigSwap/packages/backend/convex/insights/getCommunityAvatars.ts": {"lines":{"total":20,"covered":20,"skipped":0,"pct":100},"functions":{"total":4,"covered":4,"skipped":0,"pct":100},"statements":{"total":21,"covered":21,"skipped":0,"pct":100},"branches":{"total":14,"covered":11,"skipped":0,"pct":78.57}}
,"/home/runner/work/JigSwap/JigSwap/packages/backend/convex/insights/getCompletionTrends.ts": {"lines":{"total":9,"covered":9,"skipped":0,"pct":100},"functions":{"total":4,"covered":4,"skipped":0,"pct":100},"statements":{"total":9,"covered":9,"skipped":0,"pct":100},"branches":{"total":2,"covered":2,"skipped":0,"pct":100}}
,"/home/runner/work/JigSwap/JigSwap/packages/backend/convex/insights/getGlobalStats.ts": {"lines":{"total":3,"covered":3,"skipped":0,"pct":100},"functions":{"total":1,"covered":1,"skipped":0,"pct":100},"statements":{"total":3,"covered":3,"skipped":0,"pct":100},"branches":{"total":0,"covered":0,"skipped":0,"pct":100}}
,"/home/runner/work/JigSwap/JigSwap/packages/backend/convex/insights/getPersonalStats.ts": {"lines":{"total":26,"covered":26,"skipped":0,"pct":100},"functions":{"total":14,"covered":14,"skipped":0,"pct":100},"statements":{"total":26,"covered":26,"skipped":0,"pct":100},"branches":{"total":2,"covered":1,"skipped":0,"pct":50}}
,"/home/runner/work/JigSwap/JigSwap/packages/backend/convex/insights/getPlankPuzzles.ts": {"lines":{"total":13,"covered":13,"skipped":0,"pct":100},"functions":{"total":4,"covered":4,"skipped":0,"pct":100},"statements":{"total":13,"covered":13,"skipped":0,"pct":100},"branches":{"total":2,"covered":1,"skipped":0,"pct":50}}
,"/home/runner/work/JigSwap/JigSwap/packages/backend/convex/insights/getTradeActivity.ts": {"lines":{"total":9,"covered":9,"skipped":0,"pct":100},"functions":{"total":4,"covered":4,"skipped":0,"pct":100},"statements":{"total":9,"covered":9,"skipped":0,"pct":100},"branches":{"total":0,"covered":0,"skipped":0,"pct":100}}
,"/home/runner/work/JigSwap/JigSwap/packages/backend/convex/insights/sampling.ts": {"lines":{"total":13,"covered":13,"skipped":0,"pct":100},"functions":{"total":3,"covered":3,"skipped":0,"pct":100},"statements":{"total":14,"covered":14,"skipped":0,"pct":100},"branches":{"total":0,"covered":0,"skipped":0,"pct":100}}
,"/home/runner/work/JigSwap/JigSwap/packages/backend/convex/lib/axiom.ts": {"lines":{"total":22,"covered":15,"skipped":0,"pct":68.18},"functions":{"total":4,"covered":2,"skipped":0,"pct":50},"statements":{"total":24,"covered":17,"skipped":0,"pct":70.83},"branches":{"total":16,"covered":4,"skipped":0,"pct":25}}
,"/home/runner/work/JigSwap/JigSwap/packages/backend/convex/lib/logEvent.ts": {"lines":{"total":7,"covered":6,"skipped":0,"pct":85.71},"functions":{"total":1,"covered":1,"skipped":0,"pct":100},"statements":{"total":7,"covered":6,"skipped":0,"pct":85.71},"branches":{"total":2,"covered":1,"skipped":0,"pct":50}}
,"/home/runner/work/JigSwap/JigSwap/packages/backend/convex/library/acquireCopy.ts": {"lines":{"total":14,"covered":10,"skipped":0,"pct":71.42},"functions":{"total":2,"covered":1,"skipped":0,"pct":50},"statements":{"total":17,"covered":11,"skipped":0,"pct":64.7},"branches":{"total":10,"covered":3,"skipped":0,"pct":30}}
,"/home/runner/work/JigSwap/JigSwap/packages/backend/convex/library/addCopyPhoto.ts": {"lines":{"total":9,"covered":9,"skipped":0,"pct":100},"functions":{"total":1,"covered":1,"skipped":0,"pct":100},"statements":{"total":10,"covered":10,"skipped":0,"pct":100},"branches":{"total":4,"covered":3,"skipped":0,"pct":75}}
,"/home/runner/work/JigSwap/JigSwap/packages/backend/convex/library/addCopyToCollection.ts": {"lines":{"total":5,"covered":5,"skipped":0,"pct":100},"functions":{"total":1,"covered":1,"skipped":0,"pct":100},"statements":{"total":6,"covered":6,"skipped":0,"pct":100},"branches":{"total":2,"covered":2,"skipped":0,"pct":100}}
,"/home/runner/work/JigSwap/JigSwap/packages/backend/convex/library/browseOwnedPuzzles.ts": {"lines":{"total":60,"covered":48,"skipped":0,"pct":80},"functions":{"total":15,"covered":10,"skipped":0,"pct":66.66},"statements":{"total":65,"covered":50,"skipped":0,"pct":76.92},"branches":{"total":49,"covered":25,"skipped":0,"pct":51.02}}
,"/home/runner/work/JigSwap/JigSwap/packages/backend/convex/library/canViewCopy.ts": {"lines":{"total":8,"covered":8,"skipped":0,"pct":100},"functions":{"total":3,"covered":2,"skipped":0,"pct":66.66},"statements":{"total":10,"covered":9,"skipped":0,"pct":90},"branches":{"total":9,"covered":9,"skipped":0,"pct":100}}
,"/home/runner/work/JigSwap/JigSwap/packages/backend/convex/library/changeCopyCondition.ts": {"lines":{"total":5,"covered":5,"skipped":0,"pct":100},"functions":{"total":1,"covered":1,"skipped":0,"pct":100},"statements":{"total":6,"covered":6,"skipped":0,"pct":100},"branches":{"total":2,"covered":2,"skipped":0,"pct":100}}
,"/home/runner/work/JigSwap/JigSwap/packages/backend/convex/library/circleSharedCopies.ts": {"lines":{"total":26,"covered":26,"skipped":0,"pct":100},"functions":{"total":9,"covered":9,"skipped":0,"pct":100},"statements":{"total":33,"covered":30,"skipped":0,"pct":90.9},"branches":{"total":10,"covered":6,"skipped":0,"pct":60}}
,"/home/runner/work/JigSwap/JigSwap/packages/backend/convex/library/createCollection.ts": {"lines":{"total":6,"covered":6,"skipped":0,"pct":100},"functions":{"total":1,"covered":1,"skipped":0,"pct":100},"statements":{"total":7,"covered":7,"skipped":0,"pct":100},"branches":{"total":2,"covered":2,"skipped":0,"pct":100}}
,"/home/runner/work/JigSwap/JigSwap/packages/backend/convex/library/createPersonalCategory.ts": {"lines":{"total":6,"covered":6,"skipped":0,"pct":100},"functions":{"total":1,"covered":1,"skipped":0,"pct":100},"statements":{"total":7,"covered":7,"skipped":0,"pct":100},"branches":{"total":2,"covered":2,"skipped":0,"pct":100}}
,"/home/runner/work/JigSwap/JigSwap/packages/backend/convex/library/deleteCollection.ts": {"lines":{"total":5,"covered":5,"skipped":0,"pct":100},"functions":{"total":1,"covered":1,"skipped":0,"pct":100},"statements":{"total":6,"covered":6,"skipped":0,"pct":100},"branches":{"total":2,"covered":2,"skipped":0,"pct":100}}
,"/home/runner/work/JigSwap/JigSwap/packages/backend/convex/library/deleteCopy.ts": {"lines":{"total":5,"covered":5,"skipped":0,"pct":100},"functions":{"total":1,"covered":1,"skipped":0,"pct":100},"statements":{"total":6,"covered":6,"skipped":0,"pct":100},"branches":{"total":2,"covered":2,"skipped":0,"pct":100}}
,"/home/runner/work/JigSwap/JigSwap/packages/backend/convex/library/errors.ts": {"lines":{"total":2,"covered":2,"skipped":0,"pct":100},"functions":{"total":1,"covered":1,"skipped":0,"pct":100},"statements":{"total":2,"covered":2,"skipped":0,"pct":100},"branches":{"total":0,"covered":0,"skipped":0,"pct":100}}
,"/home/runner/work/JigSwap/JigSwap/packages/backend/convex/library/getBorrowedLoans.ts": {"lines":{"total":5,"covered":5,"skipped":0,"pct":100},"functions":{"total":3,"covered":3,"skipped":0,"pct":100},"statements":{"total":6,"covered":6,"skipped":0,"pct":100},"branches":{"total":0,"covered":0,"skipped":0,"pct":100}}
,"/home/runner/work/JigSwap/JigSwap/packages/backend/convex/library/getCollectionById.ts": {"lines":{"total":16,"covered":15,"skipped":0,"pct":93.75},"functions":{"total":4,"covered":4,"skipped":0,"pct":100},"statements":{"total":18,"covered":15,"skipped":0,"pct":83.33},"branches":{"total":10,"covered":6,"skipped":0,"pct":60}}
,"/home/runner/work/JigSwap/JigSwap/packages/backend/convex/library/getCollectionsForOwnedPuzzle.ts": {"lines":{"total":14,"covered":14,"skipped":0,"pct":100},"functions":{"total":6,"covered":6,"skipped":0,"pct":100},"statements":{"total":16,"covered":14,"skipped":0,"pct":87.5},"branches":{"total":8,"covered":5,"skipped":0,"pct":62.5}}
,"/home/runner/work/JigSwap/JigSwap/packages/backend/convex/library/getCopyInstanceView.ts": {"lines":{"total":104,"covered":101,"skipped":0,"pct":97.11},"functions":{"total":31,"covered":31,"skipped":0,"pct":100},"statements":{"total":113,"covered":108,"skipped":0,"pct":95.57},"branches":{"total":105,"covered":88,"skipped":0,"pct":83.8}}
,"/home/runner/work/JigSwap/JigSwap/packages/backend/convex/library/getCopyLoanHistory.ts": {"lines":{"total":10,"covered":10,"skipped":0,"pct":100},"functions":{"total":3,"covered":3,"skipped":0,"pct":100},"statements":{"total":12,"covered":11,"skipped":0,"pct":91.66},"branches":{"total":4,"covered":3,"skipped":0,"pct":75}}
,"/home/runner/work/JigSwap/JigSwap/packages/backend/convex/library/getLentOutLoans.ts": {"lines":{"total":5,"covered":5,"skipped":0,"pct":100},"functions":{"total":3,"covered":3,"skipped":0,"pct":100},"statements":{"total":6,"covered":6,"skipped":0,"pct":100},"branches":{"total":0,"covered":0,"skipped":0,"pct":100}}
,"/home/runner/work/JigSwap/JigSwap/packages/backend/convex/library/getOwnedPuzzleWithCollectionStatus.ts": {"lines":{"total":27,"covered":27,"skipped":0,"pct":100},"functions":{"total":9,"covered":9,"skipped":0,"pct":100},"statements":{"total":32,"covered":29,"skipped":0,"pct":90.62},"branches":{"total":16,"covered":12,"skipped":0,"pct":75}}
,"/home/runner/work/JigSwap/JigSwap/packages/backend/convex/library/getOwnedPuzzlesByOwner.ts": {"lines":{"total":23,"covered":19,"skipped":0,"pct":82.6},"functions":{"total":6,"covered":6,"skipped":0,"pct":100},"statements":{"total":24,"covered":20,"skipped":0,"pct":83.33},"branches":{"total":21,"covered":13,"skipped":0,"pct":61.9}}
,"/home/runner/work/JigSwap/JigSwap/packages/backend/convex/library/getPuzzleDefinitionView.ts": {"lines":{"total":105,"covered":101,"skipped":0,"pct":96.19},"functions":{"total":27,"covered":27,"skipped":0,"pct":100},"statements":{"total":116,"covered":111,"skipped":0,"pct":95.68},"branches":{"total":73,"covered":58,"skipped":0,"pct":79.45}}
,"/home/runner/work/JigSwap/JigSwap/packages/backend/convex/library/getUserCollections.ts": {"lines":{"total":30,"covered":29,"skipped":0,"pct":96.66},"functions":{"total":9,"covered":9,"skipped":0,"pct":100},"statements":{"total":36,"covered":33,"skipped":0,"pct":91.66},"branches":{"total":22,"covered":17,"skipped":0,"pct":77.27}}
,"/home/runner/work/JigSwap/JigSwap/packages/backend/convex/library/listPhotoComments.ts": {"lines":{"total":11,"covered":11,"skipped":0,"pct":100},"functions":{"total":3,"covered":3,"skipped":0,"pct":100},"statements":{"total":13,"covered":12,"skipped":0,"pct":92.3},"branches":{"total":10,"covered":7,"skipped":0,"pct":70}}
,"/home/runner/work/JigSwap/JigSwap/packages/backend/convex/library/loanReadViews.ts": {"lines":{"total":10,"covered":10,"skipped":0,"pct":100},"functions":{"total":3,"covered":3,"skipped":0,"pct":100},"statements":{"total":10,"covered":10,"skipped":0,"pct":100},"branches":{"total":14,"covered":6,"skipped":0,"pct":42.85}}
,"/home/runner/work/JigSwap/JigSwap/packages/backend/convex/library/mappers.ts": {"lines":{"total":16,"covered":16,"skipped":0,"pct":100},"functions":{"total":8,"covered":8,"skipped":0,"pct":100},"statements":{"total":16,"covered":16,"skipped":0,"pct":100},"branches":{"total":16,"covered":14,"skipped":0,"pct":87.5}}
,"/home/runner/work/JigSwap/JigSwap/packages/backend/convex/library/moderatePhoto.ts": {"lines":{"total":84,"covered":41,"skipped":0,"pct":48.8},"functions":{"total":5,"covered":4,"skipped":0,"pct":80},"statements":{"total":85,"covered":41,"skipped":0,"pct":48.23},"branches":{"total":28,"covered":16,"skipped":0,"pct":57.14}}
,"/home/runner/work/JigSwap/JigSwap/packages/backend/convex/library/moderationStore.ts": {"lines":{"total":12,"covered":9,"skipped":0,"pct":75},"functions":{"total":3,"covered":2,"skipped":0,"pct":66.66},"statements":{"total":15,"covered":9,"skipped":0,"pct":60},"branches":{"total":6,"covered":2,"skipped":0,"pct":33.33}}
,"/home/runner/work/JigSwap/JigSwap/packages/backend/convex/library/openLoanOnSettlement.ts": {"lines":{"total":7,"covered":7,"skipped":0,"pct":100},"functions":{"total":1,"covered":1,"skipped":0,"pct":100},"statements":{"total":9,"covered":8,"skipped":0,"pct":88.88},"branches":{"total":6,"covered":5,"skipped":0,"pct":83.33}}
,"/home/runner/work/JigSwap/JigSwap/packages/backend/convex/library/postPhotoComment.ts": {"lines":{"total":10,"covered":10,"skipped":0,"pct":100},"functions":{"total":1,"covered":1,"skipped":0,"pct":100},"statements":{"total":12,"covered":11,"skipped":0,"pct":91.66},"branches":{"total":8,"covered":7,"skipped":0,"pct":87.5}}
,"/home/runner/work/JigSwap/JigSwap/packages/backend/convex/library/recallLoan.ts": {"lines":{"total":4,"covered":4,"skipped":0,"pct":100},"functions":{"total":1,"covered":1,"skipped":0,"pct":100},"statements":{"total":5,"covered":5,"skipped":0,"pct":100},"branches":{"total":2,"covered":2,"skipped":0,"pct":100}}
,"/home/runner/work/JigSwap/JigSwap/packages/backend/convex/library/removeCopyFromCollection.ts": {"lines":{"total":5,"covered":5,"skipped":0,"pct":100},"functions":{"total":1,"covered":1,"skipped":0,"pct":100},"statements":{"total":6,"covered":5,"skipped":0,"pct":83.33},"branches":{"total":2,"covered":1,"skipped":0,"pct":50}}
,"/home/runner/work/JigSwap/JigSwap/packages/backend/convex/library/removeCopyPhoto.ts": {"lines":{"total":13,"covered":13,"skipped":0,"pct":100},"functions":{"total":1,"covered":1,"skipped":0,"pct":100},"statements":{"total":15,"covered":14,"skipped":0,"pct":93.33},"branches":{"total":8,"covered":7,"skipped":0,"pct":87.5}}
,"/home/runner/work/JigSwap/JigSwap/packages/backend/convex/library/returnLoan.ts": {"lines":{"total":4,"covered":4,"skipped":0,"pct":100},"functions":{"total":1,"covered":1,"skipped":0,"pct":100},"statements":{"total":5,"covered":5,"skipped":0,"pct":100},"branches":{"total":2,"covered":2,"skipped":0,"pct":100}}
,"/home/runner/work/JigSwap/JigSwap/packages/backend/convex/library/setCopyCover.ts": {"lines":{"total":15,"covered":14,"skipped":0,"pct":93.33},"functions":{"total":1,"covered":1,"skipped":0,"pct":100},"statements":{"total":17,"covered":16,"skipped":0,"pct":94.11},"branches":{"total":16,"covered":14,"skipped":0,"pct":87.5}}
,"/home/runner/work/JigSwap/JigSwap/packages/backend/convex/library/transferOnSettlement.ts": {"lines":{"total":7,"covered":7,"skipped":0,"pct":100},"functions":{"total":1,"covered":1,"skipped":0,"pct":100},"statements":{"total":9,"covered":9,"skipped":0,"pct":100},"branches":{"total":4,"covered":4,"skipped":0,"pct":100}}
,"/home/runner/work/JigSwap/JigSwap/packages/backend/convex/library/updateCollection.ts": {"lines":{"total":5,"covered":5,"skipped":0,"pct":100},"functions":{"total":1,"covered":1,"skipped":0,"pct":100},"statements":{"total":6,"covered":6,"skipped":0,"pct":100},"branches":{"total":2,"covered":2,"skipped":0,"pct":100}}
,"/home/runner/work/JigSwap/JigSwap/packages/backend/convex/library/updateCopyDetails.ts": {"lines":{"total":5,"covered":5,"skipped":0,"pct":100},"functions":{"total":1,"covered":1,"skipped":0,"pct":100},"statements":{"total":6,"covered":6,"skipped":0,"pct":100},"branches":{"total":2,"covered":2,"skipped":0,"pct":100}}
,"/home/runner/work/JigSwap/JigSwap/packages/backend/convex/library/updateCopySharing.ts": {"lines":{"total":9,"covered":9,"skipped":0,"pct":100},"functions":{"total":1,"covered":1,"skipped":0,"pct":100},"statements":{"total":11,"covered":10,"skipped":0,"pct":90.9},"branches":{"total":6,"covered":5,"skipped":0,"pct":83.33}}
,"/home/runner/work/JigSwap/JigSwap/packages/backend/convex/library/adapters/circleAwareVisibilityPolicy.ts": {"lines":{"total":33,"covered":22,"skipped":0,"pct":66.66},"functions":{"total":10,"covered":8,"skipped":0,"pct":80},"statements":{"total":44,"covered":26,"skipped":0,"pct":59.09},"branches":{"total":20,"covered":5,"skipped":0,"pct":25}}
,"/home/runner/work/JigSwap/JigSwap/packages/backend/convex/library/adapters/convexCatalogSnapshotProvider.ts": {"lines":{"total":9,"covered":9,"skipped":0,"pct":100},"functions":{"total":3,"covered":3,"skipped":0,"pct":100},"statements":{"total":10,"covered":10,"skipped":0,"pct":100},"branches":{"total":4,"covered":4,"skipped":0,"pct":100}}
,"/home/runner/work/JigSwap/JigSwap/packages/backend/convex/library/adapters/convexCollectionRepository.ts": {"lines":{"total":57,"covered":51,"skipped":0,"pct":89.47},"functions":{"total":21,"covered":15,"skipped":0,"pct":71.42},"statements":{"total":64,"covered":53,"skipped":0,"pct":82.81},"branches":{"total":24,"covered":16,"skipped":0,"pct":66.66}}
,"/home/runner/work/JigSwap/JigSwap/packages/backend/convex/library/adapters/convexCopyRepository.ts": {"lines":{"total":43,"covered":37,"skipped":0,"pct":86.04},"functions":{"total":16,"covered":12,"skipped":0,"pct":75},"statements":{"total":50,"covered":40,"skipped":0,"pct":80},"branches":{"total":10,"covered":7,"skipped":0,"pct":70}}
,"/home/runner/work/JigSwap/JigSwap/packages/backend/convex/library/adapters/convexCopyReservationPort.ts": {"lines":{"total":12,"covered":12,"skipped":0,"pct":100},"functions":{"total":6,"covered":6,"skipped":0,"pct":100},"statements":{"total":13,"covered":12,"skipped":0,"pct":92.3},"branches":{"total":2,"covered":1,"skipped":0,"pct":50}}
,"/home/runner/work/JigSwap/JigSwap/packages/backend/convex/library/adapters/convexLoanRepository.ts": {"lines":{"total":11,"covered":11,"skipped":0,"pct":100},"functions":{"total":5,"covered":5,"skipped":0,"pct":100},"statements":{"total":12,"covered":12,"skipped":0,"pct":100},"branches":{"total":4,"covered":3,"skipped":0,"pct":75}}
,"/home/runner/work/JigSwap/JigSwap/packages/backend/convex/library/adapters/convexPersonalCategoryRepository.ts": {"lines":{"total":23,"covered":15,"skipped":0,"pct":65.21},"functions":{"total":13,"covered":7,"skipped":0,"pct":53.84},"statements":{"total":24,"covered":15,"skipped":0,"pct":62.5},"branches":{"total":6,"covered":3,"skipped":0,"pct":50}}
,"/home/runner/work/JigSwap/JigSwap/packages/backend/convex/library/adapters/copyMapper.ts": {"lines":{"total":15,"covered":15,"skipped":0,"pct":100},"functions":{"total":4,"covered":4,"skipped":0,"pct":100},"statements":{"total":15,"covered":15,"skipped":0,"pct":100},"branches":{"total":22,"covered":18,"skipped":0,"pct":81.81}}
,"/home/runner/work/JigSwap/JigSwap/packages/backend/convex/library/adapters/eventPublisher.ts": {"lines":{"total":1,"covered":1,"skipped":0,"pct":100},"functions":{"total":1,"covered":1,"skipped":0,"pct":100},"statements":{"total":2,"covered":2,"skipped":0,"pct":100},"branches":{"total":0,"covered":0,"skipped":0,"pct":100}}
,"/home/runner/work/JigSwap/JigSwap/packages/backend/convex/library/adapters/idGenerators.ts": {"lines":{"total":8,"covered":8,"skipped":0,"pct":100},"functions":{"total":4,"covered":4,"skipped":0,"pct":100},"statements":{"total":8,"covered":8,"skipped":0,"pct":100},"branches":{"total":0,"covered":0,"skipped":0,"pct":100}}
,"/home/runner/work/JigSwap/JigSwap/packages/backend/convex/library/adapters/loanMapper.ts": {"lines":{"total":5,"covered":5,"skipped":0,"pct":100},"functions":{"total":2,"covered":2,"skipped":0,"pct":100},"statements":{"total":5,"covered":5,"skipped":0,"pct":100},"branches":{"total":4,"covered":2,"skipped":0,"pct":50}}
,"/home/runner/work/JigSwap/JigSwap/packages/backend/convex/library/adapters/photoModeration.ts": {"lines":{"total":49,"covered":48,"skipped":0,"pct":97.95},"functions":{"total":11,"covered":10,"skipped":0,"pct":90.9},"statements":{"total":54,"covered":52,"skipped":0,"pct":96.29},"branches":{"total":35,"covered":32,"skipped":0,"pct":91.42}}
,"/home/runner/work/JigSwap/JigSwap/packages/backend/convex/library/adapters/systemClock.ts": {"lines":{"total":2,"covered":2,"skipped":0,"pct":100},"functions":{"total":1,"covered":1,"skipped":0,"pct":100},"statements":{"total":2,"covered":2,"skipped":0,"pct":100},"branches":{"total":0,"covered":0,"skipped":0,"pct":100}}
,"/home/runner/work/JigSwap/JigSwap/packages/backend/convex/notifications/backfill.ts": {"lines":{"total":11,"covered":11,"skipped":0,"pct":100},"functions":{"total":1,"covered":1,"skipped":0,"pct":100},"statements":{"total":14,"covered":14,"skipped":0,"pct":100},"branches":{"total":6,"covered":6,"skipped":0,"pct":100}}
,"/home/runner/work/JigSwap/JigSwap/packages/backend/convex/notifications/errors.ts": {"lines":{"total":2,"covered":2,"skipped":0,"pct":100},"functions":{"total":1,"covered":1,"skipped":0,"pct":100},"statements":{"total":2,"covered":2,"skipped":0,"pct":100},"branches":{"total":0,"covered":0,"skipped":0,"pct":100}}
,"/home/runner/work/JigSwap/JigSwap/packages/backend/convex/notifications/getMyPreferences.ts": {"lines":{"total":7,"covered":7,"skipped":0,"pct":100},"functions":{"total":2,"covered":2,"skipped":0,"pct":100},"statements":{"total":8,"covered":7,"skipped":0,"pct":87.5},"branches":{"total":2,"covered":1,"skipped":0,"pct":50}}
,"/home/runner/work/JigSwap/JigSwap/packages/backend/convex/notifications/listMyNotifications.ts": {"lines":{"total":4,"covered":4,"skipped":0,"pct":100},"functions":{"total":2,"covered":2,"skipped":0,"pct":100},"statements":{"total":4,"covered":4,"skipped":0,"pct":100},"branches":{"total":0,"covered":0,"skipped":0,"pct":100}}
,"/home/runner/work/JigSwap/JigSwap/packages/backend/convex/notifications/markAllRead.ts": {"lines":{"total":6,"covered":6,"skipped":0,"pct":100},"functions":{"total":2,"covered":2,"skipped":0,"pct":100},"statements":{"total":6,"covered":6,"skipped":0,"pct":100},"branches":{"total":2,"covered":1,"skipped":0,"pct":50}}
,"/home/runner/work/JigSwap/JigSwap/packages/backend/convex/notifications/markNotificationRead.ts": {"lines":{"total":6,"covered":6,"skipped":0,"pct":100},"functions":{"total":2,"covered":2,"skipped":0,"pct":100},"statements":{"total":7,"covered":7,"skipped":0,"pct":100},"branches":{"total":2,"covered":2,"skipped":0,"pct":100}}
,"/home/runner/work/JigSwap/JigSwap/packages/backend/convex/notifications/pushSubscriptions.ts": {"lines":{"total":19,"covered":19,"skipped":0,"pct":100},"functions":{"total":7,"covered":7,"skipped":0,"pct":100},"statements":{"total":19,"covered":19,"skipped":0,"pct":100},"branches":{"total":6,"covered":6,"skipped":0,"pct":100}}
,"/home/runner/work/JigSwap/JigSwap/packages/backend/convex/notifications/subscriber.ts": {"lines":{"total":51,"covered":51,"skipped":0,"pct":100},"functions":{"total":10,"covered":10,"skipped":0,"pct":100},"statements":{"total":61,"covered":52,"skipped":0,"pct":85.24},"branches":{"total":31,"covered":22,"skipped":0,"pct":70.96}}
,"/home/runner/work/JigSwap/JigSwap/packages/backend/convex/notifications/unreadCount.ts": {"lines":{"total":5,"covered":5,"skipped":0,"pct":100},"functions":{"total":3,"covered":3,"skipped":0,"pct":100},"statements":{"total":6,"covered":6,"skipped":0,"pct":100},"branches":{"total":0,"covered":0,"skipped":0,"pct":100}}
,"/home/runner/work/JigSwap/JigSwap/packages/backend/convex/notifications/updateNotificationPreference.ts": {"lines":{"total":7,"covered":7,"skipped":0,"pct":100},"functions":{"total":2,"covered":2,"skipped":0,"pct":100},"statements":{"total":7,"covered":7,"skipped":0,"pct":100},"branches":{"total":0,"covered":0,"skipped":0,"pct":100}}
,"/home/runner/work/JigSwap/JigSwap/packages/backend/convex/notifications/adapters/convexNotificationPreferenceRepository.ts": {"lines":{"total":14,"covered":14,"skipped":0,"pct":100},"functions":{"total":6,"covered":6,"skipped":0,"pct":100},"statements":{"total":15,"covered":14,"skipped":0,"pct":93.33},"branches":{"total":6,"covered":4,"skipped":0,"pct":66.66}}
,"/home/runner/work/JigSwap/JigSwap/packages/backend/convex/notifications/adapters/convexNotificationRepository.ts": {"lines":{"total":27,"covered":22,"skipped":0,"pct":81.48},"functions":{"total":11,"covered":7,"skipped":0,"pct":63.63},"statements":{"total":30,"covered":23,"skipped":0,"pct":76.66},"branches":{"total":10,"covered":7,"skipped":0,"pct":70}}
,"/home/runner/work/JigSwap/JigSwap/packages/backend/convex/notifications/adapters/idGenerators.ts": {"lines":{"total":4,"covered":4,"skipped":0,"pct":100},"functions":{"total":2,"covered":2,"skipped":0,"pct":100},"statements":{"total":4,"covered":4,"skipped":0,"pct":100},"branches":{"total":0,"covered":0,"skipped":0,"pct":100}}
,"/home/runner/work/JigSwap/JigSwap/packages/backend/convex/notifications/adapters/makeNotify.ts": {"lines":{"total":2,"covered":2,"skipped":0,"pct":100},"functions":{"total":2,"covered":2,"skipped":0,"pct":100},"statements":{"total":3,"covered":3,"skipped":0,"pct":100},"branches":{"total":0,"covered":0,"skipped":0,"pct":100}}
,"/home/runner/work/JigSwap/JigSwap/packages/backend/convex/notifications/adapters/notificationDelivery.ts": {"lines":{"total":9,"covered":7,"skipped":0,"pct":77.77},"functions":{"total":2,"covered":2,"skipped":0,"pct":100},"statements":{"total":9,"covered":7,"skipped":0,"pct":77.77},"branches":{"total":3,"covered":1,"skipped":0,"pct":33.33}}
,"/home/runner/work/JigSwap/JigSwap/packages/backend/convex/notifications/adapters/notificationMapper.ts": {"lines":{"total":6,"covered":6,"skipped":0,"pct":100},"functions":{"total":2,"covered":2,"skipped":0,"pct":100},"statements":{"total":6,"covered":6,"skipped":0,"pct":100},"branches":{"total":2,"covered":1,"skipped":0,"pct":50}}
,"/home/runner/work/JigSwap/JigSwap/packages/backend/convex/notifications/adapters/systemClock.ts": {"lines":{"total":2,"covered":2,"skipped":0,"pct":100},"functions":{"total":1,"covered":1,"skipped":0,"pct":100},"statements":{"total":2,"covered":2,"skipped":0,"pct":100},"branches":{"total":0,"covered":0,"skipped":0,"pct":100}}
,"/home/runner/work/JigSwap/JigSwap/packages/backend/convex/notifications/adapters/webPush.ts": {"lines":{"total":22,"covered":19,"skipped":0,"pct":86.36},"functions":{"total":6,"covered":6,"skipped":0,"pct":100},"statements":{"total":24,"covered":21,"skipped":0,"pct":87.5},"branches":{"total":25,"covered":21,"skipped":0,"pct":84}}
,"/home/runner/work/JigSwap/JigSwap/packages/backend/convex/notifications/adapters/channels/emailChannel.ts": {"lines":{"total":6,"covered":2,"skipped":0,"pct":33.33},"functions":{"total":2,"covered":1,"skipped":0,"pct":50},"statements":{"total":7,"covered":2,"skipped":0,"pct":28.57},"branches":{"total":2,"covered":0,"skipped":0,"pct":0}}
,"/home/runner/work/JigSwap/JigSwap/packages/backend/convex/notifications/adapters/channels/inAppChannel.ts": {"lines":{"total":3,"covered":3,"skipped":0,"pct":100},"functions":{"total":2,"covered":2,"skipped":0,"pct":100},"statements":{"total":3,"covered":3,"skipped":0,"pct":100},"branches":{"total":0,"covered":0,"skipped":0,"pct":100}}
,"/home/runner/work/JigSwap/JigSwap/packages/backend/convex/notifications/adapters/channels/pushChannel.ts": {"lines":{"total":4,"covered":2,"skipped":0,"pct":50},"functions":{"total":2,"covered":1,"skipped":0,"pct":50},"statements":{"total":4,"covered":2,"skipped":0,"pct":50},"branches":{"total":0,"covered":0,"skipped":0,"pct":100}}
,"/home/runner/work/JigSwap/JigSwap/packages/backend/convex/reputation/backfill.ts": {"lines":{"total":28,"covered":28,"skipped":0,"pct":100},"functions":{"total":2,"covered":2,"skipped":0,"pct":100},"statements":{"total":29,"covered":29,"skipped":0,"pct":100},"branches":{"total":8,"covered":7,"skipped":0,"pct":87.5}}
,"/home/runner/work/JigSwap/JigSwap/packages/backend/convex/reputation/errors.ts": {"lines":{"total":2,"covered":2,"skipped":0,"pct":100},"functions":{"total":1,"covered":1,"skipped":0,"pct":100},"statements":{"total":2,"covered":2,"skipped":0,"pct":100},"branches":{"total":0,"covered":0,"skipped":0,"pct":100}}
,"/home/runner/work/JigSwap/JigSwap/packages/backend/convex/reputation/getMyReviewForExchange.ts": {"lines":{"total":7,"covered":7,"skipped":0,"pct":100},"functions":{"total":3,"covered":3,"skipped":0,"pct":100},"statements":{"total":7,"covered":7,"skipped":0,"pct":100},"branches":{"total":2,"covered":1,"skipped":0,"pct":50}}
,"/home/runner/work/JigSwap/JigSwap/packages/backend/convex/reputation/getReputationProfile.ts": {"lines":{"total":7,"covered":7,"skipped":0,"pct":100},"functions":{"total":2,"covered":2,"skipped":0,"pct":100},"statements":{"total":7,"covered":7,"skipped":0,"pct":100},"branches":{"total":2,"covered":2,"skipped":0,"pct":100}}
,"/home/runner/work/JigSwap/JigSwap/packages/backend/convex/reputation/listReviewsForMember.ts": {"lines":{"total":4,"covered":4,"skipped":0,"pct":100},"functions":{"total":2,"covered":2,"skipped":0,"pct":100},"statements":{"total":4,"covered":4,"skipped":0,"pct":100},"branches":{"total":0,"covered":0,"skipped":0,"pct":100}}
,"/home/runner/work/JigSwap/JigSwap/packages/backend/convex/reputation/submitPartnerReview.ts": {"lines":{"total":6,"covered":6,"skipped":0,"pct":100},"functions":{"total":1,"covered":1,"skipped":0,"pct":100},"statements":{"total":7,"covered":7,"skipped":0,"pct":100},"branches":{"total":2,"covered":2,"skipped":0,"pct":100}}
,"/home/runner/work/JigSwap/JigSwap/packages/backend/convex/reputation/adapters/convexExchangeCompletionPort.ts": {"lines":{"total":9,"covered":8,"skipped":0,"pct":88.88},"functions":{"total":3,"covered":3,"skipped":0,"pct":100},"statements":{"total":11,"covered":9,"skipped":0,"pct":81.81},"branches":{"total":9,"covered":6,"skipped":0,"pct":66.66}}
,"/home/runner/work/JigSwap/JigSwap/packages/backend/convex/reputation/adapters/convexPartnerReviewRepository.ts": {"lines":{"total":27,"covered":23,"skipped":0,"pct":85.18},"functions":{"total":14,"covered":10,"skipped":0,"pct":71.42},"statements":{"total":31,"covered":24,"skipped":0,"pct":77.41},"branches":{"total":10,"covered":7,"skipped":0,"pct":70}}
,"/home/runner/work/JigSwap/JigSwap/packages/backend/convex/reputation/adapters/convexReputationProfileRepository.ts": {"lines":{"total":17,"covered":17,"skipped":0,"pct":100},"functions":{"total":7,"covered":7,"skipped":0,"pct":100},"statements":{"total":18,"covered":18,"skipped":0,"pct":100},"branches":{"total":6,"covered":5,"skipped":0,"pct":83.33}}
,"/home/runner/work/JigSwap/JigSwap/packages/backend/convex/reputation/adapters/idGenerators.ts": {"lines":{"total":4,"covered":4,"skipped":0,"pct":100},"functions":{"total":2,"covered":2,"skipped":0,"pct":100},"statements":{"total":4,"covered":4,"skipped":0,"pct":100},"branches":{"total":0,"covered":0,"skipped":0,"pct":100}}
,"/home/runner/work/JigSwap/JigSwap/packages/backend/convex/reputation/adapters/inProcessEventPublisher.ts": {"lines":{"total":2,"covered":2,"skipped":0,"pct":100},"functions":{"total":1,"covered":1,"skipped":0,"pct":100},"statements":{"total":2,"covered":2,"skipped":0,"pct":100},"branches":{"total":0,"covered":0,"skipped":0,"pct":100}}
,"/home/runner/work/JigSwap/JigSwap/packages/backend/convex/reputation/adapters/partnerReviewMapper.ts": {"lines":{"total":6,"covered":6,"skipped":0,"pct":100},"functions":{"total":2,"covered":2,"skipped":0,"pct":100},"statements":{"total":6,"covered":6,"skipped":0,"pct":100},"branches":{"total":0,"covered":0,"skipped":0,"pct":100}}
,"/home/runner/work/JigSwap/JigSwap/packages/backend/convex/reputation/adapters/systemClock.ts": {"lines":{"total":2,"covered":2,"skipped":0,"pct":100},"functions":{"total":1,"covered":1,"skipped":0,"pct":100},"statements":{"total":2,"covered":2,"skipped":0,"pct":100},"branches":{"total":0,"covered":0,"skipped":0,"pct":100}}
,"/home/runner/work/JigSwap/JigSwap/packages/backend/convex/sharing/addMember.ts": {"lines":{"total":5,"covered":5,"skipped":0,"pct":100},"functions":{"total":1,"covered":1,"skipped":0,"pct":100},"statements":{"total":6,"covered":6,"skipped":0,"pct":100},"branches":{"total":2,"covered":2,"skipped":0,"pct":100}}
,"/home/runner/work/JigSwap/JigSwap/packages/backend/convex/sharing/changePermission.ts": {"lines":{"total":5,"covered":5,"skipped":0,"pct":100},"functions":{"total":1,"covered":1,"skipped":0,"pct":100},"statements":{"total":6,"covered":6,"skipped":0,"pct":100},"branches":{"total":2,"covered":1,"skipped":0,"pct":50}}
,"/home/runner/work/JigSwap/JigSwap/packages/backend/convex/sharing/createCircle.ts": {"lines":{"total":6,"covered":6,"skipped":0,"pct":100},"functions":{"total":1,"covered":1,"skipped":0,"pct":100},"statements":{"total":7,"covered":6,"skipped":0,"pct":85.71},"branches":{"total":2,"covered":1,"skipped":0,"pct":50}}
,"/home/runner/work/JigSwap/JigSwap/packages/backend/convex/sharing/errors.ts": {"lines":{"total":2,"covered":2,"skipped":0,"pct":100},"functions":{"total":1,"covered":1,"skipped":0,"pct":100},"statements":{"total":2,"covered":2,"skipped":0,"pct":100},"branches":{"total":0,"covered":0,"skipped":0,"pct":100}}
,"/home/runner/work/JigSwap/JigSwap/packages/backend/convex/sharing/getCircle.ts": {"lines":{"total":7,"covered":7,"skipped":0,"pct":100},"functions":{"total":3,"covered":3,"skipped":0,"pct":100},"statements":{"total":10,"covered":9,"skipped":0,"pct":90},"branches":{"total":4,"covered":3,"skipped":0,"pct":75}}
,"/home/runner/work/JigSwap/JigSwap/packages/backend/convex/sharing/listMyCircles.ts": {"lines":{"total":11,"covered":10,"skipped":0,"pct":90.9},"functions":{"total":7,"covered":6,"skipped":0,"pct":85.71},"statements":{"total":11,"covered":10,"skipped":0,"pct":90.9},"branches":{"total":0,"covered":0,"skipped":0,"pct":100}}
,"/home/runner/work/JigSwap/JigSwap/packages/backend/convex/sharing/readViews.ts": {"lines":{"total":7,"covered":7,"skipped":0,"pct":100},"functions":{"total":3,"covered":3,"skipped":0,"pct":100},"statements":{"total":7,"covered":7,"skipped":0,"pct":100},"branches":{"total":2,"covered":1,"skipped":0,"pct":50}}
,"/home/runner/work/JigSwap/JigSwap/packages/backend/convex/sharing/removeMember.ts": {"lines":{"total":5,"covered":5,"skipped":0,"pct":100},"functions":{"total":1,"covered":1,"skipped":0,"pct":100},"statements":{"total":6,"covered":6,"skipped":0,"pct":100},"branches":{"total":2,"covered":2,"skipped":0,"pct":100}}
,"/home/runner/work/JigSwap/JigSwap/packages/backend/convex/sharing/shareCopyToCircle.ts": {"lines":{"total":10,"covered":10,"skipped":0,"pct":100},"functions":{"total":2,"covered":2,"skipped":0,"pct":100},"statements":{"total":12,"covered":10,"skipped":0,"pct":83.33},"branches":{"total":6,"covered":4,"skipped":0,"pct":66.66}}
,"/home/runner/work/JigSwap/JigSwap/packages/backend/convex/sharing/adapters/convexCircleRepository.ts": {"lines":{"total":28,"covered":28,"skipped":0,"pct":100},"functions":{"total":13,"covered":13,"skipped":0,"pct":100},"statements":{"total":31,"covered":31,"skipped":0,"pct":100},"branches":{"total":8,"covered":7,"skipped":0,"pct":87.5}}
,"/home/runner/work/JigSwap/JigSwap/packages/backend/convex/sharing/adapters/idGenerators.ts": {"lines":{"total":4,"covered":4,"skipped":0,"pct":100},"functions":{"total":2,"covered":2,"skipped":0,"pct":100},"statements":{"total":4,"covered":4,"skipped":0,"pct":100},"branches":{"total":0,"covered":0,"skipped":0,"pct":100}}
,"/home/runner/work/JigSwap/JigSwap/packages/backend/convex/sharing/adapters/inProcessEventPublisher.ts": {"lines":{"total":10,"covered":10,"skipped":0,"pct":100},"functions":{"total":4,"covered":4,"skipped":0,"pct":100},"statements":{"total":11,"covered":10,"skipped":0,"pct":90.9},"branches":{"total":4,"covered":3,"skipped":0,"pct":75}}
,"/home/runner/work/JigSwap/JigSwap/packages/backend/convex/sharing/adapters/mapper.ts": {"lines":{"total":8,"covered":8,"skipped":0,"pct":100},"functions":{"total":4,"covered":4,"skipped":0,"pct":100},"statements":{"total":10,"covered":10,"skipped":0,"pct":100},"branches":{"total":0,"covered":0,"skipped":0,"pct":100}}
,"/home/runner/work/JigSwap/JigSwap/packages/backend/convex/sharing/adapters/systemClock.ts": {"lines":{"total":2,"covered":2,"skipped":0,"pct":100},"functions":{"total":1,"covered":1,"skipped":0,"pct":100},"statements":{"total":2,"covered":2,"skipped":0,"pct":100},"branches":{"total":0,"covered":0,"skipped":0,"pct":100}}
,"/home/runner/work/JigSwap/JigSwap/packages/backend/convex/social/arrangeShelf.ts": {"lines":{"total":26,"covered":24,"skipped":0,"pct":92.3},"functions":{"total":1,"covered":1,"skipped":0,"pct":100},"statements":{"total":28,"covered":24,"skipped":0,"pct":85.71},"branches":{"total":14,"covered":9,"skipped":0,"pct":64.28}}
,"/home/runner/work/JigSwap/JigSwap/packages/backend/convex/social/editProfile.ts": {"lines":{"total":15,"covered":15,"skipped":0,"pct":100},"functions":{"total":1,"covered":1,"skipped":0,"pct":100},"statements":{"total":17,"covered":16,"skipped":0,"pct":94.11},"branches":{"total":6,"covered":5,"skipped":0,"pct":83.33}}
,"/home/runner/work/JigSwap/JigSwap/packages/backend/convex/social/errors.ts": {"lines":{"total":2,"covered":2,"skipped":0,"pct":100},"functions":{"total":1,"covered":1,"skipped":0,"pct":100},"statements":{"total":2,"covered":2,"skipped":0,"pct":100},"branches":{"total":0,"covered":0,"skipped":0,"pct":100}}
,"/home/runner/work/JigSwap/JigSwap/packages/backend/convex/social/featuredShelf.ts": {"lines":{"total":22,"covered":18,"skipped":0,"pct":81.81},"functions":{"total":2,"covered":2,"skipped":0,"pct":100},"statements":{"total":24,"covered":20,"skipped":0,"pct":83.33},"branches":{"total":22,"covered":14,"skipped":0,"pct":63.63}}
,"/home/runner/work/JigSwap/JigSwap/packages/backend/convex/social/followMember.ts": {"lines":{"total":6,"covered":6,"skipped":0,"pct":100},"functions":{"total":1,"covered":1,"skipped":0,"pct":100},"statements":{"total":7,"covered":7,"skipped":0,"pct":100},"branches":{"total":2,"covered":2,"skipped":0,"pct":100}}
,"/home/runner/work/JigSwap/JigSwap/packages/backend/convex/social/getActivityFeed.ts": {"lines":{"total":40,"covered":39,"skipped":0,"pct":97.5},"functions":{"total":10,"covered":10,"skipped":0,"pct":100},"statements":{"total":44,"covered":42,"skipped":0,"pct":95.45},"branches":{"total":10,"covered":8,"skipped":0,"pct":80}}
,"/home/runner/work/JigSwap/JigSwap/packages/backend/convex/social/getProfile.ts": {"lines":{"total":9,"covered":9,"skipped":0,"pct":100},"functions":{"total":2,"covered":2,"skipped":0,"pct":100},"statements":{"total":10,"covered":9,"skipped":0,"pct":90},"branches":{"total":9,"covered":8,"skipped":0,"pct":88.88}}
,"/home/runner/work/JigSwap/JigSwap/packages/backend/convex/social/isFollowing.ts": {"lines":{"total":6,"covered":6,"skipped":0,"pct":100},"functions":{"total":3,"covered":3,"skipped":0,"pct":100},"statements":{"total":6,"covered":6,"skipped":0,"pct":100},"branches":{"total":0,"covered":0,"skipped":0,"pct":100}}
,"/home/runner/work/JigSwap/JigSwap/packages/backend/convex/social/listFollowees.ts": {"lines":{"total":9,"covered":9,"skipped":0,"pct":100},"functions":{"total":3,"covered":3,"skipped":0,"pct":100},"statements":{"total":9,"covered":9,"skipped":0,"pct":100},"branches":{"total":7,"covered":7,"skipped":0,"pct":100}}
,"/home/runner/work/JigSwap/JigSwap/packages/backend/convex/social/listFollowers.ts": {"lines":{"total":9,"covered":9,"skipped":0,"pct":100},"functions":{"total":3,"covered":3,"skipped":0,"pct":100},"statements":{"total":9,"covered":9,"skipped":0,"pct":100},"branches":{"total":7,"covered":7,"skipped":0,"pct":100}}
,"/home/runner/work/JigSwap/JigSwap/packages/backend/convex/social/listPuzzleComments.ts": {"lines":{"total":10,"covered":10,"skipped":0,"pct":100},"functions":{"total":3,"covered":3,"skipped":0,"pct":100},"statements":{"total":12,"covered":11,"skipped":0,"pct":91.66},"branches":{"total":10,"covered":7,"skipped":0,"pct":70}}
,"/home/runner/work/JigSwap/JigSwap/packages/backend/convex/social/listPuzzleReviews.ts": {"lines":{"total":7,"covered":7,"skipped":0,"pct":100},"functions":{"total":4,"covered":4,"skipped":0,"pct":100},"statements":{"total":7,"covered":7,"skipped":0,"pct":100},"branches":{"total":6,"covered":4,"skipped":0,"pct":66.66}}
,"/home/runner/work/JigSwap/JigSwap/packages/backend/convex/social/postPuzzleComment.ts": {"lines":{"total":9,"covered":9,"skipped":0,"pct":100},"functions":{"total":1,"covered":1,"skipped":0,"pct":100},"statements":{"total":11,"covered":11,"skipped":0,"pct":100},"branches":{"total":6,"covered":5,"skipped":0,"pct":83.33}}
,"/home/runner/work/JigSwap/JigSwap/packages/backend/convex/social/postPuzzleReview.ts": {"lines":{"total":5,"covered":5,"skipped":0,"pct":100},"functions":{"total":1,"covered":1,"skipped":0,"pct":100},"statements":{"total":6,"covered":6,"skipped":0,"pct":100},"branches":{"total":2,"covered":2,"skipped":0,"pct":100}}
,"/home/runner/work/JigSwap/JigSwap/packages/backend/convex/social/privacy.ts": {"lines":{"total":41,"covered":40,"skipped":0,"pct":97.56},"functions":{"total":10,"covered":10,"skipped":0,"pct":100},"statements":{"total":46,"covered":44,"skipped":0,"pct":95.65},"branches":{"total":17,"covered":14,"skipped":0,"pct":82.35}}
,"/home/runner/work/JigSwap/JigSwap/packages/backend/convex/social/readViews.ts": {"lines":{"total":5,"covered":5,"skipped":0,"pct":100},"functions":{"total":3,"covered":3,"skipped":0,"pct":100},"statements":{"total":6,"covered":6,"skipped":0,"pct":100},"branches":{"total":5,"covered":3,"skipped":0,"pct":60}}
,"/home/runner/work/JigSwap/JigSwap/packages/backend/convex/social/setProfileVisibility.ts": {"lines":{"total":19,"covered":19,"skipped":0,"pct":100},"functions":{"total":1,"covered":1,"skipped":0,"pct":100},"statements":{"total":22,"covered":19,"skipped":0,"pct":86.36},"branches":{"total":10,"covered":6,"skipped":0,"pct":60}}
,"/home/runner/work/JigSwap/JigSwap/packages/backend/convex/social/unfollowMember.ts": {"lines":{"total":5,"covered":5,"skipped":0,"pct":100},"functions":{"total":1,"covered":1,"skipped":0,"pct":100},"statements":{"total":6,"covered":6,"skipped":0,"pct":100},"branches":{"total":2,"covered":2,"skipped":0,"pct":100}}
,"/home/runner/work/JigSwap/JigSwap/packages/backend/convex/social/adapters/convexCommentRepository.ts": {"lines":{"total":3,"covered":3,"skipped":0,"pct":100},"functions":{"total":2,"covered":2,"skipped":0,"pct":100},"statements":{"total":3,"covered":3,"skipped":0,"pct":100},"branches":{"total":0,"covered":0,"skipped":0,"pct":100}}
,"/home/runner/work/JigSwap/JigSwap/packages/backend/convex/social/adapters/convexFollowRepository.ts": {"lines":{"total":16,"covered":13,"skipped":0,"pct":81.25},"functions":{"total":11,"covered":8,"skipped":0,"pct":72.72},"statements":{"total":20,"covered":15,"skipped":0,"pct":75},"branches":{"total":6,"covered":4,"skipped":0,"pct":66.66}}
,"/home/runner/work/JigSwap/JigSwap/packages/backend/convex/social/adapters/convexPhotoCommentRepository.ts": {"lines":{"total":3,"covered":3,"skipped":0,"pct":100},"functions":{"total":2,"covered":2,"skipped":0,"pct":100},"statements":{"total":3,"covered":3,"skipped":0,"pct":100},"branches":{"total":0,"covered":0,"skipped":0,"pct":100}}
,"/home/runner/work/JigSwap/JigSwap/packages/backend/convex/social/adapters/convexProfileRepository.ts": {"lines":{"total":10,"covered":10,"skipped":0,"pct":100},"functions":{"total":5,"covered":5,"skipped":0,"pct":100},"statements":{"total":11,"covered":11,"skipped":0,"pct":100},"branches":{"total":4,"covered":4,"skipped":0,"pct":100}}
,"/home/runner/work/JigSwap/JigSwap/packages/backend/convex/social/adapters/idGenerators.ts": {"lines":{"total":8,"covered":8,"skipped":0,"pct":100},"functions":{"total":4,"covered":4,"skipped":0,"pct":100},"statements":{"total":8,"covered":8,"skipped":0,"pct":100},"branches":{"total":0,"covered":0,"skipped":0,"pct":100}}
,"/home/runner/work/JigSwap/JigSwap/packages/backend/convex/social/adapters/inProcessEventPublisher.ts": {"lines":{"total":2,"covered":2,"skipped":0,"pct":100},"functions":{"total":1,"covered":1,"skipped":0,"pct":100},"statements":{"total":2,"covered":2,"skipped":0,"pct":100},"branches":{"total":0,"covered":0,"skipped":0,"pct":100}}
,"/home/runner/work/JigSwap/JigSwap/packages/backend/convex/social/adapters/mappers.ts": {"lines":{"total":21,"covered":20,"skipped":0,"pct":95.23},"functions":{"total":6,"covered":6,"skipped":0,"pct":100},"statements":{"total":21,"covered":20,"skipped":0,"pct":95.23},"branches":{"total":8,"covered":6,"skipped":0,"pct":75}}
,"/home/runner/work/JigSwap/JigSwap/packages/backend/convex/social/adapters/systemClock.ts": {"lines":{"total":2,"covered":2,"skipped":0,"pct":100},"functions":{"total":1,"covered":1,"skipped":0,"pct":100},"statements":{"total":2,"covered":2,"skipped":0,"pct":100},"branches":{"total":0,"covered":0,"skipped":0,"pct":100}}
,"/home/runner/work/JigSwap/JigSwap/packages/backend/convex/solving/createGoal.ts": {"lines":{"total":6,"covered":6,"skipped":0,"pct":100},"functions":{"total":1,"covered":1,"skipped":0,"pct":100},"statements":{"total":7,"covered":7,"skipped":0,"pct":100},"branches":{"total":4,"covered":3,"skipped":0,"pct":75}}
,"/home/runner/work/JigSwap/JigSwap/packages/backend/convex/solving/editCompletion.ts": {"lines":{"total":6,"covered":5,"skipped":0,"pct":83.33},"functions":{"total":2,"covered":1,"skipped":0,"pct":50},"statements":{"total":7,"covered":6,"skipped":0,"pct":85.71},"branches":{"total":6,"covered":4,"skipped":0,"pct":66.66}}
,"/home/runner/work/JigSwap/JigSwap/packages/backend/convex/solving/errors.ts": {"lines":{"total":2,"covered":2,"skipped":0,"pct":100},"functions":{"total":1,"covered":1,"skipped":0,"pct":100},"statements":{"total":2,"covered":2,"skipped":0,"pct":100},"branches":{"total":0,"covered":0,"skipped":0,"pct":100}}
,"/home/runner/work/JigSwap/JigSwap/packages/backend/convex/solving/finishCompletion.ts": {"lines":{"total":5,"covered":5,"skipped":0,"pct":100},"functions":{"total":1,"covered":1,"skipped":0,"pct":100},"statements":{"total":6,"covered":5,"skipped":0,"pct":83.33},"branches":{"total":2,"covered":1,"skipped":0,"pct":50}}
,"/home/runner/work/JigSwap/JigSwap/packages/backend/convex/solving/getCompletionHistory.ts": {"lines":{"total":23,"covered":14,"skipped":0,"pct":60.86},"functions":{"total":9,"covered":5,"skipped":0,"pct":55.55},"statements":{"total":23,"covered":14,"skipped":0,"pct":60.86},"branches":{"total":12,"covered":3,"skipped":0,"pct":25}}
,"/home/runner/work/JigSwap/JigSwap/packages/backend/convex/solving/listMyCompletions.ts": {"lines":{"total":8,"covered":8,"skipped":0,"pct":100},"functions":{"total":5,"covered":4,"skipped":0,"pct":80},"statements":{"total":9,"covered":8,"skipped":0,"pct":88.88},"branches":{"total":0,"covered":0,"skipped":0,"pct":100}}
,"/home/runner/work/JigSwap/JigSwap/packages/backend/convex/solving/listMyGoals.ts": {"lines":{"total":5,"covered":5,"skipped":0,"pct":100},"functions":{"total":3,"covered":3,"skipped":0,"pct":100},"statements":{"total":6,"covered":6,"skipped":0,"pct":100},"branches":{"total":0,"covered":0,"skipped":0,"pct":100}}
,"/home/runner/work/JigSwap/JigSwap/packages/backend/convex/solving/recordCompletion.ts": {"lines":{"total":14,"covered":14,"skipped":0,"pct":100},"functions":{"total":2,"covered":1,"skipped":0,"pct":50},"statements":{"total":17,"covered":15,"skipped":0,"pct":88.23},"branches":{"total":10,"covered":9,"skipped":0,"pct":90}}
,"/home/runner/work/JigSwap/JigSwap/packages/backend/convex/solving/reviewPuzzle.ts": {"lines":{"total":5,"covered":5,"skipped":0,"pct":100},"functions":{"total":1,"covered":1,"skipped":0,"pct":100},"statements":{"total":6,"covered":6,"skipped":0,"pct":100},"branches":{"total":2,"covered":2,"skipped":0,"pct":100}}
,"/home/runner/work/JigSwap/JigSwap/packages/backend/convex/solving/adapters/completionMapper.ts": {"lines":{"total":10,"covered":8,"skipped":0,"pct":80},"functions":{"total":4,"covered":2,"skipped":0,"pct":50},"statements":{"total":10,"covered":8,"skipped":0,"pct":80},"branches":{"total":4,"covered":3,"skipped":0,"pct":75}}
,"/home/runner/work/JigSwap/JigSwap/packages/backend/convex/solving/adapters/convexCompletionRepository.ts": {"lines":{"total":37,"covered":31,"skipped":0,"pct":83.78},"functions":{"total":19,"covered":15,"skipped":0,"pct":78.94},"statements":{"total":44,"covered":35,"skipped":0,"pct":79.54},"branches":{"total":20,"covered":12,"skipped":0,"pct":60}}
,"/home/runner/work/JigSwap/JigSwap/packages/backend/convex/solving/adapters/convexGoalRepository.ts": {"lines":{"total":22,"covered":20,"skipped":0,"pct":90.9},"functions":{"total":11,"covered":10,"skipped":0,"pct":90.9},"statements":{"total":23,"covered":21,"skipped":0,"pct":91.3},"branches":{"total":6,"covered":3,"skipped":0,"pct":50}}
,"/home/runner/work/JigSwap/JigSwap/packages/backend/convex/solving/adapters/idGenerators.ts": {"lines":{"total":4,"covered":4,"skipped":0,"pct":100},"functions":{"total":2,"covered":2,"skipped":0,"pct":100},"statements":{"total":4,"covered":4,"skipped":0,"pct":100},"branches":{"total":0,"covered":0,"skipped":0,"pct":100}}
,"/home/runner/work/JigSwap/JigSwap/packages/backend/convex/solving/adapters/inProcessEventPublisher.ts": {"lines":{"total":8,"covered":8,"skipped":0,"pct":100},"functions":{"total":3,"covered":3,"skipped":0,"pct":100},"statements":{"total":8,"covered":8,"skipped":0,"pct":100},"branches":{"total":2,"covered":2,"skipped":0,"pct":100}}
,"/home/runner/work/JigSwap/JigSwap/packages/backend/convex/solving/adapters/systemClock.ts": {"lines":{"total":2,"covered":2,"skipped":0,"pct":100},"functions":{"total":1,"covered":1,"skipped":0,"pct":100},"statements":{"total":2,"covered":2,"skipped":0,"pct":100},"branches":{"total":0,"covered":0,"skipped":0,"pct":100}}
}
